<?xml version="1.0" encoding="UTF-8"?>
<!-- Generated by org.testng.reporters.JUnitReportReporter -->
<testsuite skipped="0" hostname="CBT-MH-000" name="Automation.Phptravels.Testcase_4" tests="1" failures="0" timestamp="11 Oct 2019 09:10:47 GMT" time="33.217" errors="0">
  <testcase name="flight" time="33.217" classname="Automation.Phptravels.Testcase_4"/>
</testsuite> <!-- Automation.Phptravels.Testcase_4 -->
