<?xml version="1.0" encoding="UTF-8"?>
<!-- Generated by org.testng.reporters.JUnitReportReporter -->
<testsuite skipped="0" hostname="CBT-MH-000" name="Automation.Phptravels.TestCase_2" tests="1" failures="0" timestamp="11 Oct 2019 09:05:11 GMT" time="21.951" errors="0">
  <testcase name="hotelSearch" time="21.951" classname="Automation.Phptravels.TestCase_2"/>
</testsuite> <!-- Automation.Phptravels.TestCase_2 -->
