<?xml version="1.0" encoding="UTF-8"?>
<!-- Generated by org.testng.reporters.JUnitReportReporter -->
<testsuite skipped="0" hostname="CBT-MH-000" name="Automation.Phptravels.Testcase_1" tests="1" failures="0" timestamp="11 Oct 2019 09:04:32 GMT" time="34.111" errors="0">
  <testcase name="userRegistration" time="34.111" classname="Automation.Phptravels.Testcase_1"/>
</testsuite> <!-- Automation.Phptravels.Testcase_1 -->
